<?xml version="1.0" encoding="UTF-8"?>
<testng-results ignored="0" total="1" passed="1" failed="0" skipped="0">
  <reporter-output>
  </reporter-output>
  <suite started-at="2022-07-30T15:35:49 IST" name="Default suite" finished-at="2022-07-30T15:35:59 IST" duration-ms="10041">
    <groups>
    </groups>
    <test started-at="2022-07-30T15:35:49 IST" name="Default test" finished-at="2022-07-30T15:35:59 IST" duration-ms="10041">
      <class name="Runner.TestCase10">
        <test-method is-config="true" signature="Before()[pri:0, instance:Runner.TestCase10@16610890]" started-at="2022-07-30T15:35:49 IST" name="Before" finished-at="2022-07-30T15:35:57 IST" duration-ms="8241" status="PASS">
          <reporter-output>
          </reporter-output>
        </test-method> <!-- Before -->
        <test-method signature="test()[pri:10, instance:Runner.TestCase10@16610890]" started-at="2022-07-30T15:35:57 IST" name="test" finished-at="2022-07-30T15:35:58 IST" duration-ms="787" status="PASS">
          <reporter-output>
          </reporter-output>
        </test-method> <!-- test -->
        <test-method is-config="true" signature="After()[pri:0, instance:Runner.TestCase10@16610890]" started-at="2022-07-30T15:35:58 IST" name="After" finished-at="2022-07-30T15:35:59 IST" duration-ms="947" status="PASS">
          <reporter-output>
          </reporter-output>
        </test-method> <!-- After -->
      </class> <!-- Runner.TestCase10 -->
    </test> <!-- Default test -->
  </suite> <!-- Default suite -->
</testng-results>
