<?xml version="1.0" encoding="UTF-8"?>
<!-- Generated by org.testng.reporters.JUnitXMLReporter -->
<testsuite ignored="0" hostname="MT-PF1N50E4" failures="0" tests="10" name="Test" time="116.824" errors="0" timestamp="2022-07-30T08:45:34 IST">
  <testcase classname="Runner.TestCase1" name="test" time="2.174"/>
  <testcase classname="Runner.TestCase2" name="test" time="1.399"/>
  <testcase classname="Runner.TestCase3" name="test" time="1.132"/>
  <testcase classname="Runner.TestCase4" name="test" time="1.113"/>
  <testcase classname="Runner.TestCase5" name="test" time="1.149"/>
  <testcase classname="Runner.TestCase6" name="test" time="1.123"/>
  <testcase classname="Runner.TestCase7" name="test" time="1.143"/>
  <testcase classname="Runner.TestCase8" name="test" time="1.149"/>
  <testcase classname="Runner.TestCase9" name="test" time="1.123"/>
  <testcase classname="Runner.TestCase10" name="test" time="1.104"/>
</testsuite> <!-- Test -->
